<?xml version="1.0" encoding="UTF-8"?>
<testsuite xmlns:xsi="http://www.w3.org/2001/XMLSchema-instance" xsi:noNamespaceSchemaLocation="https://maven.apache.org/surefire/maven-surefire-plugin/xsd/surefire-test-report.xsd" name="com.leibnix.BinarySearchTreeTests" time="0.056" tests="33" errors="0" skipped="0" failures="0">
  <properties>
    <property name="java.specification.version" value="19"/>
    <property name="sun.jnu.encoding" value="UTF-8"/>
    <property name="java.class.path" value="/Users/axelarrondo/com.leibnix/BinarySearchTree/binarsearchytree/target/test-classes:/Users/axelarrondo/com.leibnix/BinarySearchTree/binarsearchytree/target/classes:/Users/axelarrondo/.m2/repository/junit/junit/4.11/junit-4.11.jar:/Users/axelarrondo/.m2/repository/org/hamcrest/hamcrest-core/1.3/hamcrest-core-1.3.jar:/Users/axelarrondo/.m2/repository/org/springframework/boot/spring-boot-starter-logging/2.7.3/spring-boot-starter-logging-2.7.3.jar:/Users/axelarrondo/.m2/repository/ch/qos/logback/logback-classic/1.2.11/logback-classic-1.2.11.jar:/Users/axelarrondo/.m2/repository/ch/qos/logback/logback-core/1.2.11/logback-core-1.2.11.jar:/Users/axelarrondo/.m2/repository/org/slf4j/slf4j-api/1.7.32/slf4j-api-1.7.32.jar:/Users/axelarrondo/.m2/repository/org/apache/logging/log4j/log4j-to-slf4j/2.17.2/log4j-to-slf4j-2.17.2.jar:/Users/axelarrondo/.m2/repository/org/apache/logging/log4j/log4j-api/2.17.2/log4j-api-2.17.2.jar:/Users/axelarrondo/.m2/repository/org/slf4j/jul-to-slf4j/1.7.36/jul-to-slf4j-1.7.36.jar:"/>
    <property name="java.vm.vendor" value="Eclipse Adoptium"/>
    <property name="sun.arch.data.model" value="64"/>
    <property name="java.vendor.url" value="https://adoptium.net/"/>
    <property name="os.name" value="Mac OS X"/>
    <property name="java.vm.specification.version" value="19"/>
    <property name="sun.java.launcher" value="SUN_STANDARD"/>
    <property name="user.country" value="AR"/>
    <property name="sun.boot.library.path" value="/Library/Java/JavaVirtualMachines/temurin-19.jdk/Contents/Home/lib"/>
    <property name="sun.java.command" value="/Users/axelarrondo/com.leibnix/BinarySearchTree/binarsearchytree/target/surefire/surefirebooter4954481001666181311.jar /Users/axelarrondo/com.leibnix/BinarySearchTree/binarsearchytree/target/surefire 2024-12-27T19-55-39_850-jvmRun1 surefire9727723854715685187tmp surefire_0621259641343776187tmp"/>
    <property name="http.nonProxyHosts" value="local|*.local|169.254/16|*.169.254/16"/>
    <property name="jdk.debug" value="release"/>
    <property name="surefire.test.class.path" value="/Users/axelarrondo/com.leibnix/BinarySearchTree/binarsearchytree/target/test-classes:/Users/axelarrondo/com.leibnix/BinarySearchTree/binarsearchytree/target/classes:/Users/axelarrondo/.m2/repository/junit/junit/4.11/junit-4.11.jar:/Users/axelarrondo/.m2/repository/org/hamcrest/hamcrest-core/1.3/hamcrest-core-1.3.jar:/Users/axelarrondo/.m2/repository/org/springframework/boot/spring-boot-starter-logging/2.7.3/spring-boot-starter-logging-2.7.3.jar:/Users/axelarrondo/.m2/repository/ch/qos/logback/logback-classic/1.2.11/logback-classic-1.2.11.jar:/Users/axelarrondo/.m2/repository/ch/qos/logback/logback-core/1.2.11/logback-core-1.2.11.jar:/Users/axelarrondo/.m2/repository/org/slf4j/slf4j-api/1.7.32/slf4j-api-1.7.32.jar:/Users/axelarrondo/.m2/repository/org/apache/logging/log4j/log4j-to-slf4j/2.17.2/log4j-to-slf4j-2.17.2.jar:/Users/axelarrondo/.m2/repository/org/apache/logging/log4j/log4j-api/2.17.2/log4j-api-2.17.2.jar:/Users/axelarrondo/.m2/repository/org/slf4j/jul-to-slf4j/1.7.36/jul-to-slf4j-1.7.36.jar:"/>
    <property name="sun.cpu.endian" value="little"/>
    <property name="user.home" value="/Users/axelarrondo"/>
    <property name="user.language" value="es"/>
    <property name="java.specification.vendor" value="Oracle Corporation"/>
    <property name="java.version.date" value="2022-10-18"/>
    <property name="java.home" value="/Library/Java/JavaVirtualMachines/temurin-19.jdk/Contents/Home"/>
    <property name="file.separator" value="/"/>
    <property name="basedir" value="/Users/axelarrondo/com.leibnix/BinarySearchTree/binarsearchytree"/>
    <property name="java.vm.compressedOopsMode" value="Zero based"/>
    <property name="line.separator" value="&#10;"/>
    <property name="java.vm.specification.vendor" value="Oracle Corporation"/>
    <property name="java.specification.name" value="Java Platform API Specification"/>
    <property name="apple.awt.application.name" value="ForkedBooter"/>
    <property name="surefire.real.class.path" value="/Users/axelarrondo/com.leibnix/BinarySearchTree/binarsearchytree/target/surefire/surefirebooter4954481001666181311.jar"/>
    <property name="sun.management.compiler" value="HotSpot 64-Bit Tiered Compilers"/>
    <property name="ftp.nonProxyHosts" value="local|*.local|169.254/16|*.169.254/16"/>
    <property name="java.runtime.version" value="19.0.1+10"/>
    <property name="user.name" value="axelarrondo"/>
    <property name="stdout.encoding" value="UTF-8"/>
    <property name="path.separator" value=":"/>
    <property name="os.version" value="13.7.2"/>
    <property name="java.runtime.name" value="OpenJDK Runtime Environment"/>
    <property name="file.encoding" value="UTF-8"/>
    <property name="java.vm.name" value="OpenJDK 64-Bit Server VM"/>
    <property name="java.vendor.version" value="Temurin-19.0.1+10"/>
    <property name="localRepository" value="/Users/axelarrondo/.m2/repository"/>
    <property name="java.vendor.url.bug" value="https://github.com/adoptium/adoptium-support/issues"/>
    <property name="java.io.tmpdir" value="/var/folders/g2/1rl6sm8s5px0vtljn652lq7h0000gn/T/"/>
    <property name="java.version" value="19.0.1"/>
    <property name="user.dir" value="/Users/axelarrondo/com.leibnix/BinarySearchTree/binarsearchytree"/>
    <property name="os.arch" value="x86_64"/>
    <property name="java.vm.specification.name" value="Java Virtual Machine Specification"/>
    <property name="native.encoding" value="UTF-8"/>
    <property name="java.library.path" value="/Users/axelarrondo/Library/Java/Extensions:/Library/Java/Extensions:/Network/Library/Java/Extensions:/System/Library/Java/Extensions:/usr/lib/java:."/>
    <property name="java.vm.info" value="mixed mode, sharing"/>
    <property name="stderr.encoding" value="UTF-8"/>
    <property name="java.vendor" value="Eclipse Adoptium"/>
    <property name="java.vm.version" value="19.0.1+10"/>
    <property name="sun.io.unicode.encoding" value="UnicodeBig"/>
    <property name="socksNonProxyHosts" value="local|*.local|169.254/16|*.169.254/16"/>
    <property name="java.class.version" value="63.0"/>
  </properties>
  <testcase name="testCheckAsHashMap" classname="com.leibnix.BinarySearchTreeTests" time="0.005"/>
  <testcase name="testCheckAsHashSet" classname="com.leibnix.BinarySearchTreeTests" time="0"/>
  <testcase name="testCheckPostOrder" classname="com.leibnix.BinarySearchTreeTests" time="0"/>
  <testcase name="testCheckIsBalanced" classname="com.leibnix.BinarySearchTreeTests" time="0.001"/>
  <testcase name="testCheckInOrder" classname="com.leibnix.BinarySearchTreeTests" time="0"/>
  <testcase name="testCheckIsDegenerate" classname="com.leibnix.BinarySearchTreeTests" time="0"/>
  <testcase name="testCheckIfIsFullIsComplete" classname="com.leibnix.BinarySearchTreeTests" time="0"/>
  <testcase name="testCheckPreOrder" classname="com.leibnix.BinarySearchTreeTests" time="0.001"/>
  <testcase name="testCheckIsEmpty" classname="com.leibnix.BinarySearchTreeTests" time="0"/>
  <testcase name="testCheckQuantity" classname="com.leibnix.BinarySearchTreeTests" time="0"/>
  <testcase name="testCheckClear" classname="com.leibnix.BinarySearchTreeTests" time="0"/>
  <testcase name="testCheckIsDegeneratePassingThroughTheRoot" classname="com.leibnix.BinarySearchTreeTests" time="0.001"/>
  <testcase name="testCheckIsPerfect" classname="com.leibnix.BinarySearchTreeTests" time="0"/>
  <testcase name="testCheckContains" classname="com.leibnix.BinarySearchTreeTests" time="0"/>
  <testcase name="testCheckIsNotPerfect" classname="com.leibnix.BinarySearchTreeTests" time="0"/>
  <testcase name="testCheckIsComplete" classname="com.leibnix.BinarySearchTreeTests" time="0"/>
  <testcase name="testCheckHeight" classname="com.leibnix.BinarySearchTreeTests" time="0.001"/>
  <testcase name="testCheckIsFull" classname="com.leibnix.BinarySearchTreeTests" time="0"/>
  <testcase name="testCheckIsLeaf" classname="com.leibnix.BinarySearchTreeTests" time="0"/>
  <testcase name="testCheckAnotherTestIsFull" classname="com.leibnix.BinarySearchTreeTests" time="0"/>
  <testcase name="testCheckHeightOfVoidTree" classname="com.leibnix.BinarySearchTreeTests" time="0"/>
  <testcase name="testCheckIsNotBalanced" classname="com.leibnix.BinarySearchTreeTests" time="0.001"/>
  <testcase name="testCheckAsArray" classname="com.leibnix.BinarySearchTreeTests" time="0"/>
  <testcase name="testEmptyTreeQuantity" classname="com.leibnix.BinarySearchTreeTests" time="0.001"/>
  <testcase name="testCheckIsNotDegenerate" classname="com.leibnix.BinarySearchTreeTests" time="0"/>
  <testcase name="testCheckGetRoot" classname="com.leibnix.BinarySearchTreeTests" time="0"/>
  <testcase name="testCheckHeightWithIntegers" classname="com.leibnix.BinarySearchTreeTests" time="0"/>
  <testcase name="testCheckAnotherQuantityTest" classname="com.leibnix.BinarySearchTreeTests" time="0"/>
  <testcase name="testCheckIsNotComplete" classname="com.leibnix.BinarySearchTreeTests" time="0"/>
  <testcase name="testCheckRemoveAItem" classname="com.leibnix.BinarySearchTreeTests" time="0"/>
  <testcase name="testCheckIsNotEmpty" classname="com.leibnix.BinarySearchTreeTests" time="0.001"/>
  <testcase name="testCheckIsNotFull" classname="com.leibnix.BinarySearchTreeTests" time="0"/>
  <testcase name="testCheckIsNotLeaf" classname="com.leibnix.BinarySearchTreeTests" time="0"/>
</testsuite>